Arguments: 
  /Users/fernando/.nvm/versions/node/v14.18.1/bin/node /Users/fernando/.nvm/versions/node/v14.18.1/bin/yarn install

PATH: 
  /Users/fernando/.nvm/versions/node/v14.18.1/bin:/opt/homebrew/bin:/opt/homebrew/sbin:/usr/local/bin:/usr/bin:/bin:/usr/sbin:/sbin

Yarn version: 
  1.22.17

Node version: 
  14.18.1

Platform: 
  darwin arm64

Trace: 
  Error: ENOENT: no such file or directory, lstat '/private/var/www/custom-repo/loopback-next/extensions/typeorm/node_modules/@loopback/rest/node_modules/http-errors/node_modules'

npm manifest: 
  {
    "name": "@loopback/typeorm",
    "description": "Adds support for TypeORM in LoopBack",
    "version": "0.6.0",
    "license": "MIT",
    "main": "dist/index.js",
    "types": "dist/index.d.ts",
    "author": "IBM Corp.",
    "copyright.owner": "IBM Corp.",
    "repository": {
      "type": "git",
      "url": "https://github.com/loopbackio/loopback-next.git",
      "directory": "extensions/typeorm"
    },
    "engines": {
      "node": "12 || 14 || 16 || 17"
    },
    "scripts": {
      "acceptance": "lb-mocha \"dist/__tests__/acceptance/**/*.js\"",
      "build": "lb-tsc",
      "clean": "lb-clean loopback-typeorm*.tgz dist *.tsbuildinfo package",
      "pretest": "npm run build",
      "test": "lb-mocha \"dist/__tests__/**/*.js\"",
      "verify": "npm pack && tar xf loopback-typeorm*.tgz && tree package && npm run clean"
    },
    "publishConfig": {
      "access": "public"
    },
    "files": [
      "README.md",
      "dist",
      "src",
      "!*/__tests__"
    ],
    "peerDependencies": {
      "@loopback/boot": "^4.1.0",
      "@loopback/core": "^3.1.0",
      "@loopback/rest": "^11.1.0"
    },
    "dependencies": {
      "debug": "^4.3.3",
      "tslib": "^2.3.1",
      "typeorm": "git+ssh://git@github.com:FernandoEcloud/typeorm.git"
    },
    "devDependencies": {
      "@loopback/boot": "^4.1.0",
      "@loopback/build": "^8.1.0",
      "@loopback/core": "^3.1.0",
      "@loopback/eslint-config": "^12.0.2",
      "@loopback/repository": "^4.1.0",
      "@loopback/rest": "^11.1.0",
      "@loopback/testlab": "^4.1.0",
      "@types/debug": "^4.1.7",
      "@types/json-schema": "^7.0.9",
      "@types/node": "^12.20.43",
      "sqlite3": "^5.0.2"
    }
  }

yarn manifest: 
  No manifest

Lockfile: 
  No lockfile
